<?xml version="1.0" encoding="UTF-8"?>
<!-- Generated by org.testng.reporters.JUnitReportReporter -->
<testsuite hostname="DESKTOP-QMCSQFA" failures="0" tests="1" name="testRunner.TestRunner" time="53.406" errors="0" timestamp="2023-08-23T16:09:52 IST" skipped="0">
  <testcase classname="testRunner.TestRunner" name="runScenario" time="53.406"/>
</testsuite> <!-- testRunner.TestRunner -->
