<?xml version="1.0" encoding="UTF-8"?>
<!-- Generated by org.testng.reporters.JUnitReportReporter -->
<testsuite hostname="DESKTOP-QMCSQFA" failures="0" tests="1" name="testRunner.TestRunner" time="52.832" errors="0" timestamp="2023-08-23T17:05:09 IST" skipped="0">
  <testcase classname="testRunner.TestRunner" name="runScenario" time="52.832"/>
</testsuite> <!-- testRunner.TestRunner -->
