<?xml version="1.0" encoding="UTF-8"?>
<!-- Generated by org.testng.reporters.JUnitReportReporter -->
<testsuite hostname="DESKTOP-QMCSQFA" failures="0" tests="1" name="testRunner.TestRunner" time="22.362" errors="0" timestamp="2023-08-19T19:23:53 IST" skipped="0">
  <testcase classname="testRunner.TestRunner" name="runScenario" time="22.362"/>
</testsuite> <!-- testRunner.TestRunner -->
