<?xml version="1.0" encoding="UTF-8"?>
<!-- Generated by org.testng.reporters.JUnitReportReporter -->
<testsuite hostname="DESKTOP-QMCSQFA" failures="0" tests="1" name="testRunner.TestRunner" time="82.945" errors="0" timestamp="2023-08-25T19:56:52 IST" skipped="0">
  <testcase classname="testRunner.TestRunner" name="runScenario" time="82.945"/>
</testsuite> <!-- testRunner.TestRunner -->
